[1115/193637.838:ERROR:directory_reader_win.cc(43)] FindFirstFile: The system cannot find the path specified. (0x3)
[1117/093723.124:ERROR:directory_reader_win.cc(43)] FindFirstFile: The system cannot find the path specified. (0x3)
[1117/095432.706:ERROR:process_memory_win.cc(73)] ReadMemory at 0x13f550000 of 64 bytes failed: Only part of a ReadProcessMemory or WriteProcessMemory request was completed. (0x12B)
[1117/095432.883:WARNING:pe_image_reader.cc(340)] could not read dos header from C:\Program Files (x86)\Google\Chrome\Application\chrome.exe
[1117/095432.883:ERROR:process_memory_win.cc(73)] ReadMemory at 0x77930000 of 64 bytes failed: Only part of a ReadProcessMemory or WriteProcessMemory request was completed. (0x12B)
[1117/095433.179:WARNING:pe_image_reader.cc(340)] could not read dos header from C:\Windows\SYSTEM32\ntdll.dll
[1117/095433.179:ERROR:process_memory_win.cc(73)] ReadMemory at 0x77810000 of 64 bytes failed: Only part of a ReadProcessMemory or WriteProcessMemory request was completed. (0x12B)
[1117/095433.179:WARNING:pe_image_reader.cc(340)] could not read dos header from C:\Windows\system32\kernel32.dll
[1117/095433.179:ERROR:process_memory_win.cc(73)] ReadMemory at 0x7fefdab0000 of 64 bytes failed: Only part of a ReadProcessMemory or WriteProcessMemory request was completed. (0x12B)
[1117/095433.179:WARNING:pe_image_reader.cc(340)] could not read dos header from C:\Windows\system32\KERNELBASE.dll
[1117/095433.179:ERROR:process_memory_win.cc(73)] ReadMemory at 0x7feed100000 of 64 bytes failed: Only part of a ReadProcessMemory or WriteProcessMemory request was completed. (0x12B)
[1117/095433.179:WARNING:pe_image_reader.cc(340)] could not read dos header from C:\Program Files (x86)\Google\Chrome\Application\86.0.4240.198\chrome_elf.dll
[1117/095433.179:ERROR:process_memory_win.cc(73)] ReadMemory at 0x7fefc7c0000 of 64 bytes failed: Only part of a ReadProcessMemory or WriteProcessMemory request was completed. (0x12B)
[1117/095433.179:WARNING:pe_image_reader.cc(340)] could not read dos header from C:\Windows\system32\VERSION.dll
[1117/095433.179:ERROR:process_memory_win.cc(73)] ReadMemory at 0x7feffb30000 of 64 bytes failed: Only part of a ReadProcessMemory or WriteProcessMemory request was completed. (0x12B)
[1117/095433.179:WARNING:pe_image_reader.cc(340)] could not read dos header from C:\Windows\system32\msvcrt.dll
[1117/095433.179:ERROR:process_memory_win.cc(73)] ReadMemory at 0x7fefe360000 of 64 bytes failed: Only part of a ReadProcessMemory or WriteProcessMemory request was completed. (0x12B)
[1117/095433.179:WARNING:pe_image_reader.cc(340)] could not read dos header from C:\Windows\system32\SHELL32.dll
[1117/095433.179:ERROR:process_memory_win.cc(73)] ReadMemory at 0x7fefe1b0000 of 64 bytes failed: Only part of a ReadProcessMemory or WriteProcessMemory request was completed. (0x12B)
[1117/095433.179:WARNING:pe_image_reader.cc(340)] could not read dos header from C:\Windows\system32\SHLWAPI.dll
[1117/095433.179:ERROR:process_memory_win.cc(73)] ReadMemory at 0x7feffbd0000 of 64 bytes failed: Only part of a ReadProcessMemory or WriteProcessMemory request was completed. (0x12B)
[1117/095433.179:WARNING:pe_image_reader.cc(340)] could not read dos header from C:\Windows\system32\GDI32.dll
[1117/095433.179:ERROR:process_memory_win.cc(73)] ReadMemory at 0x77710000 of 64 bytes failed: Only part of a ReadProcessMemory or WriteProcessMemory request was completed. (0x12B)
[1117/095433.179:WARNING:pe_image_reader.cc(340)] could not read dos header from C:\Windows\system32\USER32.dll
[1117/095433.179:ERROR:process_memory_win.cc(73)] ReadMemory at 0x7feff3a0000 of 64 bytes failed: Only part of a ReadProcessMemory or WriteProcessMemory request was completed. (0x12B)
[1117/095433.179:WARNING:pe_image_reader.cc(340)] could not read dos header from C:\Windows\system32\LPK.dll
[1117/095433.179:ERROR:process_memory_win.cc(73)] ReadMemory at 0x7feff3e0000 of 64 bytes failed: Only part of a ReadProcessMemory or WriteProcessMemory request was completed. (0x12B)
[1117/095433.180:WARNING:pe_image_reader.cc(340)] could not read dos header from C:\Windows\system32\USP10.dll
[1117/095433.180:ERROR:process_memory_win.cc(73)] ReadMemory at 0x7fefde30000 of 64 bytes failed: Only part of a ReadProcessMemory or WriteProcessMemory request was completed. (0x12B)
[1117/095433.180:WARNING:pe_image_reader.cc(340)] could not read dos header from C:\Windows\system32\IMM32.DLL
[1117/095433.180:ERROR:process_memory_win.cc(73)] ReadMemory at 0x7feff810000 of 64 bytes failed: Only part of a ReadProcessMemory or WriteProcessMemory request was completed. (0x12B)
[1117/095433.180:WARNING:pe_image_reader.cc(340)] could not read dos header from C:\Windows\system32\MSCTF.dll
[1117/095433.180:ERROR:process_memory_win.cc(73)] ReadMemory at 0x7fefdd00000 of 64 bytes failed: Only part of a ReadProcessMemory or WriteProcessMemory request was completed. (0x12B)
[1117/095433.180:WARNING:pe_image_reader.cc(340)] could not read dos header from C:\Windows\system32\ADVAPI32.dll
[1117/095433.180:ERROR:process_memory_win.cc(73)] ReadMemory at 0x7feff3c0000 of 64 bytes failed: Only part of a ReadProcessMemory or WriteProcessMemory request was completed. (0x12B)
[1117/095433.180:WARNING:pe_image_reader.cc(340)] could not read dos header from C:\Windows\SYSTEM32\sechost.dll
[1117/095433.180:ERROR:process_memory_win.cc(73)] ReadMemory at 0x7feff270000 of 64 bytes failed: Only part of a ReadProcessMemory or WriteProcessMemory request was completed. (0x12B)
[1117/095433.180:WARNING:pe_image_reader.cc(340)] could not read dos header from C:\Windows\system32\RPCRT4.dll
[1117/095433.180:ERROR:process_memory_win.cc(73)] ReadMemory at 0x7fed5df0000 of 64 bytes failed: Only part of a ReadProcessMemory or WriteProcessMemory request was completed. (0x12B)
[1117/095433.180:WARNING:pe_image_reader.cc(340)] could not read dos header from C:\Program Files (x86)\Google\Chrome\Application\86.0.4240.198\chrome.dll
[1117/095433.180:ERROR:process_memory_win.cc(73)] ReadMemory at 0x7fef7ae0000 of 64 bytes failed: Only part of a ReadProcessMemory or WriteProcessMemory request was completed. (0x12B)
[1117/095433.180:WARNING:pe_image_reader.cc(340)] could not read dos header from C:\Windows\system32\dbghelp.dll
[1117/095433.180:ERROR:process_memory_win.cc(73)] ReadMemory at 0x7fefdde0000 of 64 bytes failed: Only part of a ReadProcessMemory or WriteProcessMemory request was completed. (0x12B)
[1117/095433.180:WARNING:pe_image_reader.cc(340)] could not read dos header from C:\Windows\system32\WS2_32.dll
[1117/095433.180:ERROR:process_memory_win.cc(73)] ReadMemory at 0x7feff3b0000 of 64 bytes failed: Only part of a ReadProcessMemory or WriteProcessMemory request was completed. (0x12B)
[1117/095433.180:WARNING:pe_image_reader.cc(340)] could not read dos header from C:\Windows\system32\NSI.dll
[1117/095433.180:ERROR:process_memory_win.cc(73)] ReadMemory at 0x7fefb150000 of 64 bytes failed: Only part of a ReadProcessMemory or WriteProcessMemory request was completed. (0x12B)
[1117/095433.180:WARNING:pe_image_reader.cc(340)] could not read dos header from C:\Windows\system32\IPHLPAPI.DLL
[1117/095433.180:ERROR:process_memory_win.cc(73)] ReadMemory at 0x7fefb1a0000 of 64 bytes failed: Only part of a ReadProcessMemory or WriteProcessMemory request was completed. (0x12B)
[1117/095433.180:WARNING:pe_image_reader.cc(340)] could not read dos header from C:\Windows\system32\WINNSI.DLL
[1117/095433.180:ERROR:process_memory_win.cc(73)] ReadMemory at 0x7feff730000 of 64 bytes failed: Only part of a ReadProcessMemory or WriteProcessMemory request was completed. (0x12B)
[1117/095433.180:WARNING:pe_image_reader.cc(340)] could not read dos header from C:\Windows\system32\OLEAUT32.dll
[1117/095433.180:ERROR:process_memory_win.cc(73)] ReadMemory at 0x7feff920000 of 64 bytes failed: Only part of a ReadProcessMemory or WriteProcessMemory request was completed. (0x12B)
[1117/095433.180:WARNING:pe_image_reader.cc(340)] could not read dos header from C:\Windows\system32\ole32.dll
[1117/095433.180:ERROR:process_memory_win.cc(73)] ReadMemory at 0x7fefb5f0000 of 64 bytes failed: Only part of a ReadProcessMemory or WriteProcessMemory request was completed. (0x12B)
[1117/095433.180:WARNING:pe_image_reader.cc(340)] could not read dos header from C:\Windows\system32\WINMM.dll
[1117/095433.180:ERROR:process_memory_win.cc(73)] ReadMemory at 0x7fef4640000 of 64 bytes failed: Only part of a ReadProcessMemory or WriteProcessMemory request was completed. (0x12B)
[1117/095433.180:WARNING:pe_image_reader.cc(340)] could not read dos header from C:\Windows\system32\UIAutomationCore.DLL
[1117/095433.180:ERROR:process_memory_win.cc(73)] ReadMemory at 0x77af0000 of 64 bytes failed: Only part of a ReadProcessMemory or WriteProcessMemory request was completed. (0x12B)
[1117/095433.180:WARNING:pe_image_reader.cc(340)] could not read dos header from C:\Windows\system32\PSAPI.DLL
[1117/095433.180:ERROR:process_memory_win.cc(73)] ReadMemory at 0x7fef57a0000 of 64 bytes failed: Only part of a ReadProcessMemory or WriteProcessMemory request was completed. (0x12B)
[1117/095433.180:WARNING:pe_image_reader.cc(340)] could not read dos header from C:\Windows\system32\OLEACC.dll
[1117/095433.180:ERROR:process_memory_win.cc(73)] ReadMemory at 0x7fefd570000 of 64 bytes failed: Only part of a ReadProcessMemory or WriteProcessMemory request was completed. (0x12B)
[1117/095433.180:WARNING:pe_image_reader.cc(340)] could not read dos header from C:\Windows\system32\Secur32.dll
[1117/095433.180:ERROR:process_memory_win.cc(73)] ReadMemory at 0x7fefd730000 of 64 bytes failed: Only part of a ReadProcessMemory or WriteProcessMemory request was completed. (0x12B)
[1117/095433.180:WARNING:pe_image_reader.cc(340)] could not read dos header from C:\Windows\system32\SSPICLI.DLL
[1117/095433.180:ERROR:process_memory_win.cc(73)] ReadMemory at 0x7fefcbd0000 of 64 bytes failed: Only part of a ReadProcessMemory or WriteProcessMemory request was completed. (0x12B)
[1117/095433.180:WARNING:pe_image_reader.cc(340)] could not read dos header from C:\Windows\system32\USERENV.dll
[1117/095433.180:ERROR:process_memory_win.cc(73)] ReadMemory at 0x7fefd890000 of 64 bytes failed: Only part of a ReadProcessMemory or WriteProcessMemory request was completed. (0x12B)
[1117/095433.180:WARNING:pe_image_reader.cc(340)] could not read dos header from C:\Windows\system32\profapi.dll
[1117/095433.180:ERROR:process_memory_win.cc(73)] ReadMemory at 0x7fefdb20000 of 64 bytes failed: Only part of a ReadProcessMemory or WriteProcessMemory request was completed. (0x12B)
[1117/095433.180:WARNING:pe_image_reader.cc(340)] could not read dos header from C:\Windows\system32\WINTRUST.dll
[1117/095433.180:ERROR:process_memory_win.cc(73)] ReadMemory at 0x7fefd940000 of 64 bytes failed: Only part of a ReadProcessMemory or WriteProcessMemory request was completed. (0x12B)
[1117/095433.180:WARNING:pe_image_reader.cc(340)] could not read dos header from C:\Windows\system32\CRYPT32.dll
[1117/095433.180:ERROR:process_memory_win.cc(73)] ReadMemory at 0x7fefd930000 of 64 bytes failed: Only part of a ReadProcessMemory or WriteProcessMemory request was completed. (0x12B)
[1117/095433.180:WARNING:pe_image_reader.cc(340)] could not read dos header from C:\Windows\system32\MSASN1.dll
[1117/095433.180:ERROR:process_memory_win.cc(73)] ReadMemory at 0x7fef2d20000 of 64 bytes failed: Only part of a ReadProcessMemory or WriteProcessMemory request was completed. (0x12B)
[1117/095433.180:WARNING:pe_image_reader.cc(340)] could not read dos header from C:\Windows\system32\DWrite.dll
[1117/095433.180:ERROR:process_memory_win.cc(73)] ReadMemory at 0x7fefb230000 of 64 bytes failed: Only part of a ReadProcessMemory or WriteProcessMemory request was completed. (0x12B)
[1117/095433.180:WARNING:pe_image_reader.cc(340)] could not read dos header from C:\Windows\system32\WINSPOOL.DRV
[1117/095433.181:ERROR:process_memory_win.cc(73)] ReadMemory at 0x7fef9840000 of 64 bytes failed: Only part of a ReadProcessMemory or WriteProcessMemory request was completed. (0x12B)
[1117/095433.181:WARNING:pe_image_reader.cc(340)] could not read dos header from C:\Windows\system32\WINHTTP.dll
[1117/095433.181:ERROR:process_memory_win.cc(73)] ReadMemory at 0x7fef97d0000 of 64 bytes failed: Only part of a ReadProcessMemory or WriteProcessMemory request was completed. (0x12B)
[1117/095433.181:WARNING:pe_image_reader.cc(340)] could not read dos header from C:\Windows\system32\webio.dll
[1117/095433.181:ERROR:process_memory_win.cc(73)] ReadMemory at 0x7fefaf80000 of 64 bytes failed: Only part of a ReadProcessMemory or WriteProcessMemory request was completed. (0x12B)
[1117/095433.181:WARNING:pe_image_reader.cc(340)] could not read dos header from C:\Windows\system32\dhcpcsvc.DLL
[1117/095433.181:ERROR:process_memory_win.cc(73)] ReadMemory at 0x7fefd7c0000 of 64 bytes failed: Only part of a ReadProcessMemory or WriteProcessMemory request was completed. (0x12B)
[1117/095433.181:WARNING:pe_image_reader.cc(340)] could not read dos header from C:\Windows\system32\cryptbase.dll
[1117/095433.181:ERROR:process_memory_win.cc(73)] ReadMemory at 0x7fefc000000 of 64 bytes failed: Only part of a ReadProcessMemory or WriteProcessMemory request was completed. (0x12B)
[1117/095433.181:WARNING:pe_image_reader.cc(340)] could not read dos header from C:\Windows\system32\uxtheme.dll
[1117/095433.575:ERROR:process_memory_win.cc(73)] ReadMemory at 0x13f550000 of 64 bytes failed: Only part of a ReadProcessMemory or WriteProcessMemory request was completed. (0x12B)
[1117/095433.575:WARNING:pe_image_reader.cc(340)] could not read dos header from C:\Program Files (x86)\Google\Chrome\Application\chrome.exe
[1117/095433.575:ERROR:process_memory_win.cc(73)] ReadMemory at 0x77930000 of 64 bytes failed: Only part of a ReadProcessMemory or WriteProcessMemory request was completed. (0x12B)
[1117/095433.575:WARNING:pe_image_reader.cc(340)] could not read dos header from C:\Windows\SYSTEM32\ntdll.dll
[1117/095433.575:ERROR:process_memory_win.cc(73)] ReadMemory at 0x77810000 of 64 bytes failed: Only part of a ReadProcessMemory or WriteProcessMemory request was completed. (0x12B)
[1117/095433.575:WARNING:pe_image_reader.cc(340)] could not read dos header from C:\Windows\system32\kernel32.dll
[1117/095433.575:ERROR:process_memory_win.cc(73)] ReadMemory at 0x7fefdab0000 of 64 bytes failed: Only part of a ReadProcessMemory or WriteProcessMemory request was completed. (0x12B)
[1117/095433.575:WARNING:pe_image_reader.cc(340)] could not read dos header from C:\Windows\system32\KERNELBASE.dll
[1117/095433.575:ERROR:process_memory_win.cc(73)] ReadMemory at 0x7feed100000 of 64 bytes failed: Only part of a ReadProcessMemory or WriteProcessMemory request was completed. (0x12B)
[1117/095433.575:WARNING:pe_image_reader.cc(340)] could not read dos header from C:\Program Files (x86)\Google\Chrome\Application\86.0.4240.198\chrome_elf.dll
[1117/095433.576:ERROR:process_memory_win.cc(73)] ReadMemory at 0x7fefc7c0000 of 64 bytes failed: Only part of a ReadProcessMemory or WriteProcessMemory request was completed. (0x12B)
[1117/095433.576:WARNING:pe_image_reader.cc(340)] could not read dos header from C:\Windows\system32\VERSION.dll
[1117/095433.576:ERROR:process_memory_win.cc(73)] ReadMemory at 0x7feffb30000 of 64 bytes failed: Only part of a ReadProcessMemory or WriteProcessMemory request was completed. (0x12B)
[1117/095433.576:WARNING:pe_image_reader.cc(340)] could not read dos header from C:\Windows\system32\msvcrt.dll
[1117/095433.576:ERROR:process_memory_win.cc(73)] ReadMemory at 0x7fefe360000 of 64 bytes failed: Only part of a ReadProcessMemory or WriteProcessMemory request was completed. (0x12B)
[1117/095433.576:WARNING:pe_image_reader.cc(340)] could not read dos header from C:\Windows\system32\SHELL32.dll
[1117/095433.576:ERROR:process_memory_win.cc(73)] ReadMemory at 0x7fefe1b0000 of 64 bytes failed: Only part of a ReadProcessMemory or WriteProcessMemory request was completed. (0x12B)
[1117/095433.576:WARNING:pe_image_reader.cc(340)] could not read dos header from C:\Windows\system32\SHLWAPI.dll
[1117/095433.576:ERROR:process_memory_win.cc(73)] ReadMemory at 0x7feffbd0000 of 64 bytes failed: Only part of a ReadProcessMemory or WriteProcessMemory request was completed. (0x12B)
[1117/095433.576:WARNING:pe_image_reader.cc(340)] could not read dos header from C:\Windows\system32\GDI32.dll
[1117/095433.576:ERROR:process_memory_win.cc(73)] ReadMemory at 0x77710000 of 64 bytes failed: Only part of a ReadProcessMemory or WriteProcessMemory request was completed. (0x12B)
[1117/095433.576:WARNING:pe_image_reader.cc(340)] could not read dos header from C:\Windows\system32\USER32.dll
[1117/095433.576:ERROR:process_memory_win.cc(73)] ReadMemory at 0x7feff3a0000 of 64 bytes failed: Only part of a ReadProcessMemory or WriteProcessMemory request was completed. (0x12B)
[1117/095433.576:WARNING:pe_image_reader.cc(340)] could not read dos header from C:\Windows\system32\LPK.dll
[1117/095433.576:ERROR:process_memory_win.cc(73)] ReadMemory at 0x7feff3e0000 of 64 bytes failed: Only part of a ReadProcessMemory or WriteProcessMemory request was completed. (0x12B)
[1117/095433.576:WARNING:pe_image_reader.cc(340)] could not read dos header from C:\Windows\system32\USP10.dll
[1117/095433.576:ERROR:process_memory_win.cc(73)] ReadMemory at 0x7fefde30000 of 64 bytes failed: Only part of a ReadProcessMemory or WriteProcessMemory request was completed. (0x12B)
[1117/095433.576:WARNING:pe_image_reader.cc(340)] could not read dos header from C:\Windows\system32\IMM32.DLL
[1117/095433.576:ERROR:process_memory_win.cc(73)] ReadMemory at 0x7feff810000 of 64 bytes failed: Only part of a ReadProcessMemory or WriteProcessMemory request was completed. (0x12B)
[1117/095433.576:WARNING:pe_image_reader.cc(340)] could not read dos header from C:\Windows\system32\MSCTF.dll
[1117/095433.576:ERROR:process_memory_win.cc(73)] ReadMemory at 0x7fefdd00000 of 64 bytes failed: Only part of a ReadProcessMemory or WriteProcessMemory request was completed. (0x12B)
[1117/095433.576:WARNING:pe_image_reader.cc(340)] could not read dos header from C:\Windows\system32\ADVAPI32.dll
[1117/095433.576:ERROR:process_memory_win.cc(73)] ReadMemory at 0x7feff3c0000 of 64 bytes failed: Only part of a ReadProcessMemory or WriteProcessMemory request was completed. (0x12B)
[1117/095433.576:WARNING:pe_image_reader.cc(340)] could not read dos header from C:\Windows\SYSTEM32\sechost.dll
[1117/095433.576:ERROR:process_memory_win.cc(73)] ReadMemory at 0x7feff270000 of 64 bytes failed: Only part of a ReadProcessMemory or WriteProcessMemory request was completed. (0x12B)
[1117/095433.576:WARNING:pe_image_reader.cc(340)] could not read dos header from C:\Windows\system32\RPCRT4.dll
[1117/095433.576:ERROR:process_memory_win.cc(73)] ReadMemory at 0x7fed5df0000 of 64 bytes failed: Only part of a ReadProcessMemory or WriteProcessMemory request was completed. (0x12B)
[1117/095433.576:WARNING:pe_image_reader.cc(340)] could not read dos header from C:\Program Files (x86)\Google\Chrome\Application\86.0.4240.198\chrome.dll
[1117/095433.576:ERROR:process_memory_win.cc(73)] ReadMemory at 0x7fef7ae0000 of 64 bytes failed: Only part of a ReadProcessMemory or WriteProcessMemory request was completed. (0x12B)
[1117/095433.576:WARNING:pe_image_reader.cc(340)] could not read dos header from C:\Windows\system32\dbghelp.dll
[1117/095433.576:ERROR:process_memory_win.cc(73)] ReadMemory at 0x7fefdde0000 of 64 bytes failed: Only part of a ReadProcessMemory or WriteProcessMemory request was completed. (0x12B)
[1117/095433.576:WARNING:pe_image_reader.cc(340)] could not read dos header from C:\Windows\system32\WS2_32.dll
[1117/095433.576:ERROR:process_memory_win.cc(73)] ReadMemory at 0x7feff3b0000 of 64 bytes failed: Only part of a ReadProcessMemory or WriteProcessMemory request was completed. (0x12B)
[1117/095433.576:WARNING:pe_image_reader.cc(340)] could not read dos header from C:\Windows\system32\NSI.dll
[1117/095433.576:ERROR:process_memory_win.cc(73)] ReadMemory at 0x7fefb150000 of 64 bytes failed: Only part of a ReadProcessMemory or WriteProcessMemory request was completed. (0x12B)
[1117/095433.576:WARNING:pe_image_reader.cc(340)] could not read dos header from C:\Windows\system32\IPHLPAPI.DLL
[1117/095433.576:ERROR:process_memory_win.cc(73)] ReadMemory at 0x7fefb1a0000 of 64 bytes failed: Only part of a ReadProcessMemory or WriteProcessMemory request was completed. (0x12B)
[1117/095433.576:WARNING:pe_image_reader.cc(340)] could not read dos header from C:\Windows\system32\WINNSI.DLL
[1117/095433.576:ERROR:process_memory_win.cc(73)] ReadMemory at 0x7feff730000 of 64 bytes failed: Only part of a ReadProcessMemory or WriteProcessMemory request was completed. (0x12B)
[1117/095433.576:WARNING:pe_image_reader.cc(340)] could not read dos header from C:\Windows\system32\OLEAUT32.dll
[1117/095433.576:ERROR:process_memory_win.cc(73)] ReadMemory at 0x7feff920000 of 64 bytes failed: Only part of a ReadProcessMemory or WriteProcessMemory request was completed. (0x12B)
[1117/095433.576:WARNING:pe_image_reader.cc(340)] could not read dos header from C:\Windows\system32\ole32.dll
[1117/095433.576:ERROR:process_memory_win.cc(73)] ReadMemory at 0x7fefb5f0000 of 64 bytes failed: Only part of a ReadProcessMemory or WriteProcessMemory request was completed. (0x12B)
[1117/095433.576:WARNING:pe_image_reader.cc(340)] could not read dos header from C:\Windows\system32\WINMM.dll
[1117/095433.576:ERROR:process_memory_win.cc(73)] ReadMemory at 0x7fef4640000 of 64 bytes failed: Only part of a ReadProcessMemory or WriteProcessMemory request was completed. (0x12B)
[1117/095433.576:WARNING:pe_image_reader.cc(340)] could not read dos header from C:\Windows\system32\UIAutomationCore.DLL
[1117/095433.576:ERROR:process_memory_win.cc(73)] ReadMemory at 0x77af0000 of 64 bytes failed: Only part of a ReadProcessMemory or WriteProcessMemory request was completed. (0x12B)
[1117/095433.576:WARNING:pe_image_reader.cc(340)] could not read dos header from C:\Windows\system32\PSAPI.DLL
[1117/095433.576:ERROR:process_memory_win.cc(73)] ReadMemory at 0x7fef57a0000 of 64 bytes failed: Only part of a ReadProcessMemory or WriteProcessMemory request was completed. (0x12B)
[1117/095433.576:WARNING:pe_image_reader.cc(340)] could not read dos header from C:\Windows\system32\OLEACC.dll
[1117/095433.576:ERROR:process_memory_win.cc(73)] ReadMemory at 0x7fefd570000 of 64 bytes failed: Only part of a ReadProcessMemory or WriteProcessMemory request was completed. (0x12B)
[1117/095433.576:WARNING:pe_image_reader.cc(340)] could not read dos header from C:\Windows\system32\Secur32.dll
[1117/095433.576:ERROR:process_memory_win.cc(73)] ReadMemory at 0x7fefd730000 of 64 bytes failed: Only part of a ReadProcessMemory or WriteProcessMemory request was completed. (0x12B)
[1117/095433.576:WARNING:pe_image_reader.cc(340)] could not read dos header from C:\Windows\system32\SSPICLI.DLL
[1117/095433.577:ERROR:process_memory_win.cc(73)] ReadMemory at 0x7fefcbd0000 of 64 bytes failed: Only part of a ReadProcessMemory or WriteProcessMemory request was completed. (0x12B)
[1117/095433.577:WARNING:pe_image_reader.cc(340)] could not read dos header from C:\Windows\system32\USERENV.dll
[1117/095433.577:ERROR:process_memory_win.cc(73)] ReadMemory at 0x7fefd890000 of 64 bytes failed: Only part of a ReadProcessMemory or WriteProcessMemory request was completed. (0x12B)
[1117/095433.577:WARNING:pe_image_reader.cc(340)] could not read dos header from C:\Windows\system32\profapi.dll
[1117/095433.577:ERROR:process_memory_win.cc(73)] ReadMemory at 0x7fefdb20000 of 64 bytes failed: Only part of a ReadProcessMemory or WriteProcessMemory request was completed. (0x12B)
[1117/095433.577:WARNING:pe_image_reader.cc(340)] could not read dos header from C:\Windows\system32\WINTRUST.dll
[1117/095433.577:ERROR:process_memory_win.cc(73)] ReadMemory at 0x7fefd940000 of 64 bytes failed: Only part of a ReadProcessMemory or WriteProcessMemory request was completed. (0x12B)
[1117/095433.577:WARNING:pe_image_reader.cc(340)] could not read dos header from C:\Windows\system32\CRYPT32.dll
[1117/095433.577:ERROR:process_memory_win.cc(73)] ReadMemory at 0x7fefd930000 of 64 bytes failed: Only part of a ReadProcessMemory or WriteProcessMemory request was completed. (0x12B)
[1117/095433.577:WARNING:pe_image_reader.cc(340)] could not read dos header from C:\Windows\system32\MSASN1.dll
[1117/095433.577:ERROR:process_memory_win.cc(73)] ReadMemory at 0x7fef2d20000 of 64 bytes failed: Only part of a ReadProcessMemory or WriteProcessMemory request was completed. (0x12B)
[1117/095433.577:WARNING:pe_image_reader.cc(340)] could not read dos header from C:\Windows\system32\DWrite.dll
[1117/095433.577:ERROR:process_memory_win.cc(73)] ReadMemory at 0x7fefb230000 of 64 bytes failed: Only part of a ReadProcessMemory or WriteProcessMemory request was completed. (0x12B)
[1117/095433.577:WARNING:pe_image_reader.cc(340)] could not read dos header from C:\Windows\system32\WINSPOOL.DRV
[1117/095433.577:ERROR:process_memory_win.cc(73)] ReadMemory at 0x7fef9840000 of 64 bytes failed: Only part of a ReadProcessMemory or WriteProcessMemory request was completed. (0x12B)
[1117/095433.577:WARNING:pe_image_reader.cc(340)] could not read dos header from C:\Windows\system32\WINHTTP.dll
[1117/095433.577:ERROR:process_memory_win.cc(73)] ReadMemory at 0x7fef97d0000 of 64 bytes failed: Only part of a ReadProcessMemory or WriteProcessMemory request was completed. (0x12B)
[1117/095433.577:WARNING:pe_image_reader.cc(340)] could not read dos header from C:\Windows\system32\webio.dll
[1117/095433.577:ERROR:process_memory_win.cc(73)] ReadMemory at 0x7fefaf80000 of 64 bytes failed: Only part of a ReadProcessMemory or WriteProcessMemory request was completed. (0x12B)
[1117/095433.577:WARNING:pe_image_reader.cc(340)] could not read dos header from C:\Windows\system32\dhcpcsvc.DLL
[1117/095433.577:ERROR:process_memory_win.cc(73)] ReadMemory at 0x7fefd7c0000 of 64 bytes failed: Only part of a ReadProcessMemory or WriteProcessMemory request was completed. (0x12B)
[1117/095433.577:WARNING:pe_image_reader.cc(340)] could not read dos header from C:\Windows\system32\cryptbase.dll
[1117/095433.577:ERROR:process_memory_win.cc(73)] ReadMemory at 0x7fefc000000 of 64 bytes failed: Only part of a ReadProcessMemory or WriteProcessMemory request was completed. (0x12B)
[1117/095433.577:WARNING:pe_image_reader.cc(340)] could not read dos header from C:\Windows\system32\uxtheme.dll
[1117/095433.577:ERROR:process_memory_win.cc(73)] ReadMemory at 0x13f550000 of 64 bytes failed: Only part of a ReadProcessMemory or WriteProcessMemory request was completed. (0x12B)
[1117/095433.577:WARNING:pe_image_reader.cc(340)] could not read dos header from C:\Program Files (x86)\Google\Chrome\Application\chrome.exe
[1117/095433.577:ERROR:process_memory_win.cc(73)] ReadMemory at 0x77930000 of 64 bytes failed: Only part of a ReadProcessMemory or WriteProcessMemory request was completed. (0x12B)
[1117/095433.577:WARNING:pe_image_reader.cc(340)] could not read dos header from C:\Windows\SYSTEM32\ntdll.dll
[1117/095433.577:ERROR:process_memory_win.cc(73)] ReadMemory at 0x77810000 of 64 bytes failed: Only part of a ReadProcessMemory or WriteProcessMemory request was completed. (0x12B)
[1117/095433.577:WARNING:pe_image_reader.cc(340)] could not read dos header from C:\Windows\system32\kernel32.dll
[1117/095433.577:ERROR:process_memory_win.cc(73)] ReadMemory at 0x7fefdab0000 of 64 bytes failed: Only part of a ReadProcessMemory or WriteProcessMemory request was completed. (0x12B)
[1117/095433.577:WARNING:pe_image_reader.cc(340)] could not read dos header from C:\Windows\system32\KERNELBASE.dll
[1117/095433.577:ERROR:process_memory_win.cc(73)] ReadMemory at 0x7feed100000 of 64 bytes failed: Only part of a ReadProcessMemory or WriteProcessMemory request was completed. (0x12B)
[1117/095433.577:WARNING:pe_image_reader.cc(340)] could not read dos header from C:\Program Files (x86)\Google\Chrome\Application\86.0.4240.198\chrome_elf.dll
[1117/095433.577:ERROR:process_memory_win.cc(73)] ReadMemory at 0x7fefc7c0000 of 64 bytes failed: Only part of a ReadProcessMemory or WriteProcessMemory request was completed. (0x12B)
[1117/095433.577:WARNING:pe_image_reader.cc(340)] could not read dos header from C:\Windows\system32\VERSION.dll
[1117/095433.577:ERROR:process_memory_win.cc(73)] ReadMemory at 0x7feffb30000 of 64 bytes failed: Only part of a ReadProcessMemory or WriteProcessMemory request was completed. (0x12B)
[1117/095433.577:WARNING:pe_image_reader.cc(340)] could not read dos header from C:\Windows\system32\msvcrt.dll
[1117/095433.577:ERROR:process_memory_win.cc(73)] ReadMemory at 0x7fefe360000 of 64 bytes failed: Only part of a ReadProcessMemory or WriteProcessMemory request was completed. (0x12B)
[1117/095433.577:WARNING:pe_image_reader.cc(340)] could not read dos header from C:\Windows\system32\SHELL32.dll
[1117/095433.577:ERROR:process_memory_win.cc(73)] ReadMemory at 0x7fefe1b0000 of 64 bytes failed: Only part of a ReadProcessMemory or WriteProcessMemory request was completed. (0x12B)
[1117/095433.577:WARNING:pe_image_reader.cc(340)] could not read dos header from C:\Windows\system32\SHLWAPI.dll
[1117/095433.577:ERROR:process_memory_win.cc(73)] ReadMemory at 0x7feffbd0000 of 64 bytes failed: Only part of a ReadProcessMemory or WriteProcessMemory request was completed. (0x12B)
[1117/095433.577:WARNING:pe_image_reader.cc(340)] could not read dos header from C:\Windows\system32\GDI32.dll
[1117/095433.577:ERROR:process_memory_win.cc(73)] ReadMemory at 0x77710000 of 64 bytes failed: Only part of a ReadProcessMemory or WriteProcessMemory request was completed. (0x12B)
[1117/095433.577:WARNING:pe_image_reader.cc(340)] could not read dos header from C:\Windows\system32\USER32.dll
[1117/095433.577:ERROR:process_memory_win.cc(73)] ReadMemory at 0x7feff3a0000 of 64 bytes failed: Only part of a ReadProcessMemory or WriteProcessMemory request was completed. (0x12B)
[1117/095433.577:WARNING:pe_image_reader.cc(340)] could not read dos header from C:\Windows\system32\LPK.dll
[1117/095433.577:ERROR:process_memory_win.cc(73)] ReadMemory at 0x7feff3e0000 of 64 bytes failed: Only part of a ReadProcessMemory or WriteProcessMemory request was completed. (0x12B)
[1117/095433.578:WARNING:pe_image_reader.cc(340)] could not read dos header from C:\Windows\system32\USP10.dll
[1117/095433.578:ERROR:process_memory_win.cc(73)] ReadMemory at 0x7fefde30000 of 64 bytes failed: Only part of a ReadProcessMemory or WriteProcessMemory request was completed. (0x12B)
[1117/095433.578:WARNING:pe_image_reader.cc(340)] could not read dos header from C:\Windows\system32\IMM32.DLL
[1117/095433.578:ERROR:process_memory_win.cc(73)] ReadMemory at 0x7feff810000 of 64 bytes failed: Only part of a ReadProcessMemory or WriteProcessMemory request was completed. (0x12B)
[1117/095433.578:WARNING:pe_image_reader.cc(340)] could not read dos header from C:\Windows\system32\MSCTF.dll
[1117/095433.578:ERROR:process_memory_win.cc(73)] ReadMemory at 0x7fefdd00000 of 64 bytes failed: Only part of a ReadProcessMemory or WriteProcessMemory request was completed. (0x12B)
[1117/095433.578:WARNING:pe_image_reader.cc(340)] could not read dos header from C:\Windows\system32\ADVAPI32.dll
[1117/095433.578:ERROR:process_memory_win.cc(73)] ReadMemory at 0x7feff3c0000 of 64 bytes failed: Only part of a ReadProcessMemory or WriteProcessMemory request was completed. (0x12B)
[1117/095433.578:WARNING:pe_image_reader.cc(340)] could not read dos header from C:\Windows\SYSTEM32\sechost.dll
[1117/095433.578:ERROR:process_memory_win.cc(73)] ReadMemory at 0x7feff270000 of 64 bytes failed: Only part of a ReadProcessMemory or WriteProcessMemory request was completed. (0x12B)
[1117/095433.578:WARNING:pe_image_reader.cc(340)] could not read dos header from C:\Windows\system32\RPCRT4.dll
[1117/095433.578:ERROR:process_memory_win.cc(73)] ReadMemory at 0x7fed5df0000 of 64 bytes failed: Only part of a ReadProcessMemory or WriteProcessMemory request was completed. (0x12B)
[1117/095433.578:WARNING:pe_image_reader.cc(340)] could not read dos header from C:\Program Files (x86)\Google\Chrome\Application\86.0.4240.198\chrome.dll
[1117/095433.578:ERROR:process_memory_win.cc(73)] ReadMemory at 0x7fef7ae0000 of 64 bytes failed: Only part of a ReadProcessMemory or WriteProcessMemory request was completed. (0x12B)
[1117/095433.578:WARNING:pe_image_reader.cc(340)] could not read dos header from C:\Windows\system32\dbghelp.dll
[1117/095433.578:ERROR:process_memory_win.cc(73)] ReadMemory at 0x7fefdde0000 of 64 bytes failed: Only part of a ReadProcessMemory or WriteProcessMemory request was completed. (0x12B)
[1117/095433.578:WARNING:pe_image_reader.cc(340)] could not read dos header from C:\Windows\system32\WS2_32.dll
[1117/095433.578:ERROR:process_memory_win.cc(73)] ReadMemory at 0x7feff3b0000 of 64 bytes failed: Only part of a ReadProcessMemory or WriteProcessMemory request was completed. (0x12B)
[1117/095433.578:WARNING:pe_image_reader.cc(340)] could not read dos header from C:\Windows\system32\NSI.dll
[1117/095433.578:ERROR:process_memory_win.cc(73)] ReadMemory at 0x7fefb150000 of 64 bytes failed: Only part of a ReadProcessMemory or WriteProcessMemory request was completed. (0x12B)
[1117/095433.578:WARNING:pe_image_reader.cc(340)] could not read dos header from C:\Windows\system32\IPHLPAPI.DLL
[1117/095433.578:ERROR:process_memory_win.cc(73)] ReadMemory at 0x7fefb1a0000 of 64 bytes failed: Only part of a ReadProcessMemory or WriteProcessMemory request was completed. (0x12B)
[1117/095433.578:WARNING:pe_image_reader.cc(340)] could not read dos header from C:\Windows\system32\WINNSI.DLL
[1117/095433.578:ERROR:process_memory_win.cc(73)] ReadMemory at 0x7feff730000 of 64 bytes failed: Only part of a ReadProcessMemory or WriteProcessMemory request was completed. (0x12B)
[1117/095433.578:WARNING:pe_image_reader.cc(340)] could not read dos header from C:\Windows\system32\OLEAUT32.dll
[1117/095433.578:ERROR:process_memory_win.cc(73)] ReadMemory at 0x7feff920000 of 64 bytes failed: Only part of a ReadProcessMemory or WriteProcessMemory request was completed. (0x12B)
[1117/095433.578:WARNING:pe_image_reader.cc(340)] could not read dos header from C:\Windows\system32\ole32.dll
[1117/095433.578:ERROR:process_memory_win.cc(73)] ReadMemory at 0x7fefb5f0000 of 64 bytes failed: Only part of a ReadProcessMemory or WriteProcessMemory request was completed. (0x12B)
[1117/095433.578:WARNING:pe_image_reader.cc(340)] could not read dos header from C:\Windows\system32\WINMM.dll
[1117/095433.578:ERROR:process_memory_win.cc(73)] ReadMemory at 0x7fef4640000 of 64 bytes failed: Only part of a ReadProcessMemory or WriteProcessMemory request was completed. (0x12B)
[1117/095433.578:WARNING:pe_image_reader.cc(340)] could not read dos header from C:\Windows\system32\UIAutomationCore.DLL
[1117/095433.578:ERROR:process_memory_win.cc(73)] ReadMemory at 0x77af0000 of 64 bytes failed: Only part of a ReadProcessMemory or WriteProcessMemory request was completed. (0x12B)
[1117/095433.578:WARNING:pe_image_reader.cc(340)] could not read dos header from C:\Windows\system32\PSAPI.DLL
[1117/095433.578:ERROR:process_memory_win.cc(73)] ReadMemory at 0x7fef57a0000 of 64 bytes failed: Only part of a ReadProcessMemory or WriteProcessMemory request was completed. (0x12B)
[1117/095433.578:WARNING:pe_image_reader.cc(340)] could not read dos header from C:\Windows\system32\OLEACC.dll
[1117/095433.578:ERROR:process_memory_win.cc(73)] ReadMemory at 0x7fefd570000 of 64 bytes failed: Only part of a ReadProcessMemory or WriteProcessMemory request was completed. (0x12B)
[1117/095433.578:WARNING:pe_image_reader.cc(340)] could not read dos header from C:\Windows\system32\Secur32.dll
[1117/095433.578:ERROR:process_memory_win.cc(73)] ReadMemory at 0x7fefd730000 of 64 bytes failed: Only part of a ReadProcessMemory or WriteProcessMemory request was completed. (0x12B)
[1117/095433.578:WARNING:pe_image_reader.cc(340)] could not read dos header from C:\Windows\system32\SSPICLI.DLL
[1117/095433.578:ERROR:process_memory_win.cc(73)] ReadMemory at 0x7fefcbd0000 of 64 bytes failed: Only part of a ReadProcessMemory or WriteProcessMemory request was completed. (0x12B)
[1117/095433.578:WARNING:pe_image_reader.cc(340)] could not read dos header from C:\Windows\system32\USERENV.dll
[1117/095433.578:ERROR:process_memory_win.cc(73)] ReadMemory at 0x7fefd890000 of 64 bytes failed: Only part of a ReadProcessMemory or WriteProcessMemory request was completed. (0x12B)
[1117/095433.578:WARNING:pe_image_reader.cc(340)] could not read dos header from C:\Windows\system32\profapi.dll
[1117/095433.578:ERROR:process_memory_win.cc(73)] ReadMemory at 0x7fefdb20000 of 64 bytes failed: Only part of a ReadProcessMemory or WriteProcessMemory request was completed. (0x12B)
[1117/095433.578:WARNING:pe_image_reader.cc(340)] could not read dos header from C:\Windows\system32\WINTRUST.dll
[1117/095433.578:ERROR:process_memory_win.cc(73)] ReadMemory at 0x7fefd940000 of 64 bytes failed: Only part of a ReadProcessMemory or WriteProcessMemory request was completed. (0x12B)
[1117/095433.579:WARNING:pe_image_reader.cc(340)] could not read dos header from C:\Windows\system32\CRYPT32.dll
[1117/095433.579:ERROR:process_memory_win.cc(73)] ReadMemory at 0x7fefd930000 of 64 bytes failed: Only part of a ReadProcessMemory or WriteProcessMemory request was completed. (0x12B)
[1117/095433.579:WARNING:pe_image_reader.cc(340)] could not read dos header from C:\Windows\system32\MSASN1.dll
[1117/095433.579:ERROR:process_memory_win.cc(73)] ReadMemory at 0x7fef2d20000 of 64 bytes failed: Only part of a ReadProcessMemory or WriteProcessMemory request was completed. (0x12B)
[1117/095433.579:WARNING:pe_image_reader.cc(340)] could not read dos header from C:\Windows\system32\DWrite.dll
[1117/095433.579:ERROR:process_memory_win.cc(73)] ReadMemory at 0x7fefb230000 of 64 bytes failed: Only part of a ReadProcessMemory or WriteProcessMemory request was completed. (0x12B)
[1117/095433.579:WARNING:pe_image_reader.cc(340)] could not read dos header from C:\Windows\system32\WINSPOOL.DRV
[1117/095433.579:ERROR:process_memory_win.cc(73)] ReadMemory at 0x7fef9840000 of 64 bytes failed: Only part of a ReadProcessMemory or WriteProcessMemory request was completed. (0x12B)
[1117/095433.579:WARNING:pe_image_reader.cc(340)] could not read dos header from C:\Windows\system32\WINHTTP.dll
[1117/095433.579:ERROR:process_memory_win.cc(73)] ReadMemory at 0x7fef97d0000 of 64 bytes failed: Only part of a ReadProcessMemory or WriteProcessMemory request was completed. (0x12B)
[1117/095433.579:WARNING:pe_image_reader.cc(340)] could not read dos header from C:\Windows\system32\webio.dll
[1117/095433.579:ERROR:process_memory_win.cc(73)] ReadMemory at 0x7fefaf80000 of 64 bytes failed: Only part of a ReadProcessMemory or WriteProcessMemory request was completed. (0x12B)
[1117/095433.579:WARNING:pe_image_reader.cc(340)] could not read dos header from C:\Windows\system32\dhcpcsvc.DLL
[1117/095433.579:ERROR:process_memory_win.cc(73)] ReadMemory at 0x7fefd7c0000 of 64 bytes failed: Only part of a ReadProcessMemory or WriteProcessMemory request was completed. (0x12B)
[1117/095433.579:WARNING:pe_image_reader.cc(340)] could not read dos header from C:\Windows\system32\cryptbase.dll
[1117/095433.579:ERROR:process_memory_win.cc(73)] ReadMemory at 0x7fefc000000 of 64 bytes failed: Only part of a ReadProcessMemory or WriteProcessMemory request was completed. (0x12B)
[1117/095433.579:WARNING:pe_image_reader.cc(340)] could not read dos header from C:\Windows\system32\uxtheme.dll
[1117/095434.142:ERROR:process_memory_win.cc(73)] ReadMemory at 0x91e000 of 73728 bytes failed: Only part of a ReadProcessMemory or WriteProcessMemory request was completed. (0x12B)
[1117/095434.366:ERROR:process_memory_win.cc(73)] ReadMemory at 0x33cd000 of 12288 bytes failed: Only part of a ReadProcessMemory or WriteProcessMemory request was completed. (0x12B)
[1117/095434.366:ERROR:process_memory_win.cc(73)] ReadMemory at 0x46ee000 of 8192 bytes failed: Only part of a ReadProcessMemory or WriteProcessMemory request was completed. (0x12B)
[1117/095434.366:ERROR:process_memory_win.cc(73)] ReadMemory at 0x591c000 of 16384 bytes failed: Only part of a ReadProcessMemory or WriteProcessMemory request was completed. (0x12B)
[1117/095434.366:ERROR:process_memory_win.cc(73)] ReadMemory at 0x612f000 of 4096 bytes failed: Only part of a ReadProcessMemory or WriteProcessMemory request was completed. (0x12B)
[1117/095434.366:ERROR:process_memory_win.cc(73)] ReadMemory at 0x6a9e000 of 8192 bytes failed: Only part of a ReadProcessMemory or WriteProcessMemory request was completed. (0x12B)
[1117/095434.366:ERROR:process_memory_win.cc(73)] ReadMemory at 0x746e000 of 8192 bytes failed: Only part of a ReadProcessMemory or WriteProcessMemory request was completed. (0x12B)
[1117/095434.366:ERROR:process_memory_win.cc(73)] ReadMemory at 0x7d8c000 of 16384 bytes failed: Only part of a ReadProcessMemory or WriteProcessMemory request was completed. (0x12B)
[1117/095434.366:ERROR:process_memory_win.cc(73)] ReadMemory at 0x859e000 of 8192 bytes failed: Only part of a ReadProcessMemory or WriteProcessMemory request was completed. (0x12B)
[1117/095434.366:ERROR:process_memory_win.cc(73)] ReadMemory at 0x8f3b000 of 20480 bytes failed: Only part of a ReadProcessMemory or WriteProcessMemory request was completed. (0x12B)
[1117/095434.366:ERROR:process_memory_win.cc(73)] ReadMemory at 0x97fb000 of 20480 bytes failed: Only part of a ReadProcessMemory or WriteProcessMemory request was completed. (0x12B)
[1117/095434.366:ERROR:process_memory_win.cc(73)] ReadMemory at 0xa0cc000 of 16384 bytes failed: Only part of a ReadProcessMemory or WriteProcessMemory request was completed. (0x12B)
[1117/095434.366:ERROR:process_memory_win.cc(73)] ReadMemory at 0xb66e000 of 8192 bytes failed: Only part of a ReadProcessMemory or WriteProcessMemory request was completed. (0x12B)
[1117/095434.366:ERROR:process_memory_win.cc(73)] ReadMemory at 0x3bd5000 of 45056 bytes failed: Only part of a ReadProcessMemory or WriteProcessMemory request was completed. (0x12B)
[1117/095434.366:ERROR:process_memory_win.cc(73)] ReadMemory at 0x11677000 of 36864 bytes failed: Only part of a ReadProcessMemory or WriteProcessMemory request was completed. (0x12B)
[1117/095434.366:ERROR:process_memory_win.cc(73)] ReadMemory at 0xbe75000 of 45056 bytes failed: Only part of a ReadProcessMemory or WriteProcessMemory request was completed. (0x12B)
[1117/095434.513:ERROR:process_memory_win.cc(73)] ReadMemory at 0x9d00d8 of 512 bytes failed: Only part of a ReadProcessMemory or WriteProcessMemory request was completed. (0x12B)
[1117/095434.537:ERROR:process_memory_win.cc(73)] ReadMemory at 0x9d1320 of 15120 bytes failed: Only part of a ReadProcessMemory or WriteProcessMemory request was completed. (0x12B)
[1117/095434.537:ERROR:process_memory_win.cc(73)] ReadMemory at 0x9d4e40 of 1012 bytes failed: Only part of a ReadProcessMemory or WriteProcessMemory request was completed. (0x12B)
[1117/095434.627:ERROR:process_memory_win.cc(73)] ReadMemory at 0x9d5448 of 1076 bytes failed: Only part of a ReadProcessMemory or WriteProcessMemory request was completed. (0x12B)
[1117/095434.628:ERROR:process_memory_win.cc(73)] ReadMemory at 0x9d587e of 118 bytes failed: Only part of a ReadProcessMemory or WriteProcessMemory request was completed. (0x12B)
[1117/095434.628:ERROR:process_memory_win.cc(73)] ReadMemory at 0x9d58f6 of 710 bytes failed: Only part of a ReadProcessMemory or WriteProcessMemory request was completed. (0x12B)
[1117/095434.628:ERROR:process_memory_win.cc(73)] ReadMemory at 0x9d5bbe of 118 bytes failed: Only part of a ReadProcessMemory or WriteProcessMemory request was completed. (0x12B)
[1117/095434.628:ERROR:process_memory_win.cc(73)] ReadMemory at 0x9d5c36 of 96 bytes failed: Only part of a ReadProcessMemory or WriteProcessMemory request was completed. (0x12B)
[1117/095434.628:ERROR:process_memory_win.cc(73)] ReadMemory at 0x9d5cb0 of 58 bytes failed: Only part of a ReadProcessMemory or WriteProcessMemory request was completed. (0x12B)
[1117/095434.628:ERROR:process_memory_win.cc(73)] ReadMemory at 0x9d5d40 of 132 bytes failed: Only part of a ReadProcessMemory or WriteProcessMemory request was completed. (0x12B)
[1117/095434.628:ERROR:process_memory_win.cc(73)] ReadMemory at 0x9d5e30 of 132 bytes failed: Only part of a ReadProcessMemory or WriteProcessMemory request was completed. (0x12B)
[1117/095434.628:ERROR:process_memory_win.cc(73)] ReadMemory at 0x9d5f48 of 126 bytes failed: Only part of a ReadProcessMemory or WriteProcessMemory request was completed. (0x12B)
[1117/095434.628:ERROR:process_memory_win.cc(73)] ReadMemory at 0x9d6350 of 64 bytes failed: Only part of a ReadProcessMemory or WriteProcessMemory request was completed. (0x12B)
[1117/095434.715:ERROR:process_memory_win.cc(73)] ReadMemory at 0x9d63a0 of 132 bytes failed: Only part of a ReadProcessMemory or WriteProcessMemory request was completed. (0x12B)
[1117/095434.715:ERROR:process_memory_win.cc(73)] ReadMemory at 0x9d64c0 of 68 bytes failed: Only part of a ReadProcessMemory or WriteProcessMemory request was completed. (0x12B)
[1117/095434.813:ERROR:process_memory_win.cc(73)] ReadMemory at 0x9d6510 of 132 bytes failed: Only part of a ReadProcessMemory or WriteProcessMemory request was completed. (0x12B)
[1117/095434.946:ERROR:process_memory_win.cc(73)] ReadMemory at 0x9d76a0 of 154 bytes failed: Only part of a ReadProcessMemory or WriteProcessMemory request was completed. (0x12B)
[1117/095434.946:ERROR:process_memory_win.cc(73)] ReadMemory at 0x9d7750 of 132 bytes failed: Only part of a ReadProcessMemory or WriteProcessMemory request was completed. (0x12B)
[1117/095434.946:ERROR:process_memory_win.cc(73)] ReadMemory at 0x9d7ef0 of 60 bytes failed: Only part of a ReadProcessMemory or WriteProcessMemory request was completed. (0x12B)
[1117/095434.946:ERROR:process_memory_win.cc(73)] ReadMemory at 0x9d7f40 of 132 bytes failed: Only part of a ReadProcessMemory or WriteProcessMemory request was completed. (0x12B)
[1117/095435.183:ERROR:process_memory_win.cc(73)] ReadMemory at 0x9d81c0 of 62 bytes failed: Only part of a ReadProcessMemory or WriteProcessMemory request was completed. (0x12B)
[1117/095435.183:ERROR:process_memory_win.cc(73)] ReadMemory at 0x9d8210 of 132 bytes failed: Only part of a ReadProcessMemory or WriteProcessMemory request was completed. (0x12B)
[1117/095435.183:ERROR:process_memory_win.cc(73)] ReadMemory at 0xa01b50 of 512 bytes failed: Only part of a ReadProcessMemory or WriteProcessMemory request was completed. (0x12B)
[1117/095435.183:ERROR:process_memory_win.cc(73)] ReadMemory at 0xa1aa30 of 62 bytes failed: Only part of a ReadProcessMemory or WriteProcessMemory request was completed. (0x12B)
[1117/095435.183:ERROR:process_memory_win.cc(73)] ReadMemory at 0xa1aa80 of 62 bytes failed: Only part of a ReadProcessMemory or WriteProcessMemory request was completed. (0x12B)
[1117/095435.183:ERROR:process_memory_win.cc(73)] ReadMemory at 0xa1aad0 of 58 bytes failed: Only part of a ReadProcessMemory or WriteProcessMemory request was completed. (0x12B)
[1117/095435.183:ERROR:process_memory_win.cc(73)] ReadMemory at 0xa1ab20 of 60 bytes failed: Only part of a ReadProcessMemory or WriteProcessMemory request was completed. (0x12B)
[1117/095435.183:ERROR:process_memory_win.cc(73)] ReadMemory at 0xa1ab70 of 58 bytes failed: Only part of a ReadProcessMemory or WriteProcessMemory request was completed. (0x12B)
[1117/095435.183:ERROR:process_memory_win.cc(73)] ReadMemory at 0xa1abc0 of 58 bytes failed: Only part of a ReadProcessMemory or WriteProcessMemory request was completed. (0x12B)
[1117/095435.183:ERROR:process_memory_win.cc(73)] ReadMemory at 0xa1ac10 of 58 bytes failed: Only part of a ReadProcessMemory or WriteProcessMemory request was completed. (0x12B)
[1117/095435.183:ERROR:process_memory_win.cc(73)] ReadMemory at 0xa1ac60 of 64 bytes failed: Only part of a ReadProcessMemory or WriteProcessMemory request was completed. (0x12B)
[1117/095435.183:ERROR:process_memory_win.cc(73)] ReadMemory at 0xa1c7cc of 512 bytes failed: Only part of a ReadProcessMemory or WriteProcessMemory request was completed. (0x12B)
[1117/095435.183:ERROR:process_memory_win.cc(73)] ReadMemory at 0xa21ab0 of 54 bytes failed: Only part of a ReadProcessMemory or WriteProcessMemory request was completed. (0x12B)
[1117/095435.183:ERROR:process_memory_win.cc(73)] ReadMemory at 0xa22f10 of 80 bytes failed: Only part of a ReadProcessMemory or WriteProcessMemory request was completed. (0x12B)
[1117/095435.183:ERROR:process_memory_win.cc(73)] ReadMemory at 0xa264c0 of 132 bytes failed: Only part of a ReadProcessMemory or WriteProcessMemory request was completed. (0x12B)
[1117/095435.184:ERROR:process_memory_win.cc(73)] ReadMemory at 0xa265b0 of 132 bytes failed: Only part of a ReadProcessMemory or WriteProcessMemory request was completed. (0x12B)
[1117/095435.184:ERROR:process_memory_win.cc(73)] ReadMemory at 0xa266a0 of 132 bytes failed: Only part of a ReadProcessMemory or WriteProcessMemory request was completed. (0x12B)
[1117/095435.184:ERROR:process_memory_win.cc(73)] ReadMemory at 0xa26790 of 132 bytes failed: Only part of a ReadProcessMemory or WriteProcessMemory request was completed. (0x12B)
[1117/095435.184:ERROR:process_memory_win.cc(73)] ReadMemory at 0xa269c0 of 132 bytes failed: Only part of a ReadProcessMemory or WriteProcessMemory request was completed. (0x12B)
[1117/095435.184:ERROR:process_memory_win.cc(73)] ReadMemory at 0xa2ace0 of 132 bytes failed: Only part of a ReadProcessMemory or WriteProcessMemory request was completed. (0x12B)
[1117/095435.184:ERROR:process_memory_win.cc(73)] ReadMemory at 0xa2add0 of 132 bytes failed: Only part of a ReadProcessMemory or WriteProcessMemory request was completed. (0x12B)
[1117/095435.184:ERROR:process_memory_win.cc(73)] ReadMemory at 0xa2aec0 of 132 bytes failed: Only part of a ReadProcessMemory or WriteProcessMemory request was completed. (0x12B)
[1117/095435.184:ERROR:process_memory_win.cc(73)] ReadMemory at 0xa2b9a0 of 54 bytes failed: Only part of a ReadProcessMemory or WriteProcessMemory request was completed. (0x12B)
[1117/095435.184:ERROR:process_memory_win.cc(73)] ReadMemory at 0xa2c7b0 of 146 bytes failed: Only part of a ReadProcessMemory or WriteProcessMemory request was completed. (0x12B)
[1117/095435.184:ERROR:process_memory_win.cc(73)] ReadMemory at 0xa2ca60 of 132 bytes failed: Only part of a ReadProcessMemory or WriteProcessMemory request was completed. (0x12B)
[1117/095435.184:ERROR:process_memory_win.cc(73)] ReadMemory at 0xa2cdd0 of 62 bytes failed: Only part of a ReadProcessMemory or WriteProcessMemory request was completed. (0x12B)
[1117/095435.184:ERROR:process_memory_win.cc(73)] ReadMemory at 0xa2ce20 of 60 bytes failed: Only part of a ReadProcessMemory or WriteProcessMemory request was completed. (0x12B)
[1117/095435.184:ERROR:process_memory_win.cc(73)] ReadMemory at 0xa2ce70 of 62 bytes failed: Only part of a ReadProcessMemory or WriteProcessMemory request was completed. (0x12B)
[1117/095435.184:ERROR:process_memory_win.cc(73)] ReadMemory at 0xa2cec0 of 60 bytes failed: Only part of a ReadProcessMemory or WriteProcessMemory request was completed. (0x12B)
[1117/095435.184:ERROR:process_memory_win.cc(73)] ReadMemory at 0xa2cf10 of 64 bytes failed: Only part of a ReadProcessMemory or WriteProcessMemory request was completed. (0x12B)
[1117/095435.184:ERROR:process_memory_win.cc(73)] ReadMemory at 0xa2cf60 of 60 bytes failed: Only part of a ReadProcessMemory or WriteProcessMemory request was completed. (0x12B)
[1117/095435.184:ERROR:process_memory_win.cc(73)] ReadMemory at 0xa2cfb0 of 64 bytes failed: Only part of a ReadProcessMemory or WriteProcessMemory request was completed. (0x12B)
[1117/095435.184:ERROR:process_memory_win.cc(73)] ReadMemory at 0xa2d000 of 58 bytes failed: Only part of a ReadProcessMemory or WriteProcessMemory request was completed. (0x12B)
[1117/095435.447:ERROR:process_memory_win.cc(73)] ReadMemory at 0xa2d050 of 58 bytes failed: Only part of a ReadProcessMemory or WriteProcessMemory request was completed. (0x12B)
[1117/095435.546:ERROR:process_memory_win.cc(73)] ReadMemory at 0xa2d0a0 of 58 bytes failed: Only part of a ReadProcessMemory or WriteProcessMemory request was completed. (0x12B)
[1117/095435.546:ERROR:process_memory_win.cc(73)] ReadMemory at 0xa2d0f0 of 60 bytes failed: Only part of a ReadProcessMemory or WriteProcessMemory request was completed. (0x12B)
[1117/095435.712:ERROR:process_memory_win.cc(73)] ReadMemory at 0xa2d140 of 62 bytes failed: Only part of a ReadProcessMemory or WriteProcessMemory request was completed. (0x12B)
[1117/095435.712:ERROR:process_memory_win.cc(73)] ReadMemory at 0xa2d190 of 62 bytes failed: Only part of a ReadProcessMemory or WriteProcessMemory request was completed. (0x12B)
[1117/095435.859:ERROR:process_memory_win.cc(73)] ReadMemory at 0xa2d1e0 of 62 bytes failed: Only part of a ReadProcessMemory or WriteProcessMemory request was completed. (0x12B)
[1117/095435.859:ERROR:process_memory_win.cc(73)] ReadMemory at 0xa2d230 of 62 bytes failed: Only part of a ReadProcessMemory or WriteProcessMemory request was completed. (0x12B)
[1117/095435.859:ERROR:process_memory_win.cc(73)] ReadMemory at 0xa2d280 of 64 bytes failed: Only part of a ReadProcessMemory or WriteProcessMemory request was completed. (0x12B)
[1117/095435.960:ERROR:process_memory_win.cc(73)] ReadMemory at 0xa2d2d0 of 62 bytes failed: Only part of a ReadProcessMemory or WriteProcessMemory request was completed. (0x12B)
[1117/095436.064:ERROR:process_memory_win.cc(73)] ReadMemory at 0xa2d320 of 60 bytes failed: Only part of a ReadProcessMemory or WriteProcessMemory request was completed. (0x12B)
[1117/095436.064:ERROR:process_memory_win.cc(73)] ReadMemory at 0xa2d370 of 60 bytes failed: Only part of a ReadProcessMemory or WriteProcessMemory request was completed. (0x12B)
[1117/095436.118:ERROR:process_memory_win.cc(73)] ReadMemory at 0xa2d3c0 of 64 bytes failed: Only part of a ReadProcessMemory or WriteProcessMemory request was completed. (0x12B)
[1117/095436.118:ERROR:process_memory_win.cc(73)] ReadMemory at 0xa2d410 of 62 bytes failed: Only part of a ReadProcessMemory or WriteProcessMemory request was completed. (0x12B)
[1117/095436.189:ERROR:process_memory_win.cc(73)] ReadMemory at 0xa2d460 of 58 bytes failed: Only part of a ReadProcessMemory or WriteProcessMemory request was completed. (0x12B)
[1117/095436.189:ERROR:process_memory_win.cc(73)] ReadMemory at 0xa2d4b0 of 64 bytes failed: Only part of a ReadProcessMemory or WriteProcessMemory request was completed. (0x12B)
[1117/095436.189:ERROR:process_memory_win.cc(73)] ReadMemory at 0xa2de30 of 132 bytes failed: Only part of a ReadProcessMemory or WriteProcessMemory request was completed. (0x12B)
[1117/095436.189:ERROR:process_memory_win.cc(73)] ReadMemory at 0xa2df50 of 132 bytes failed: Only part of a ReadProcessMemory or WriteProcessMemory request was completed. (0x12B)
[1117/095436.231:ERROR:process_memory_win.cc(73)] ReadMemory at 0xa2e040 of 132 bytes failed: Only part of a ReadProcessMemory or WriteProcessMemory request was completed. (0x12B)
[1117/095436.356:ERROR:process_memory_win.cc(73)] ReadMemory at 0xa2e130 of 132 bytes failed: Only part of a ReadProcessMemory or WriteProcessMemory request was completed. (0x12B)
[1117/095436.417:ERROR:process_memory_win.cc(73)] ReadMemory at 0xa2e220 of 132 bytes failed: Only part of a ReadProcessMemory or WriteProcessMemory request was completed. (0x12B)
[1117/095436.417:ERROR:process_memory_win.cc(73)] ReadMemory at 0xa2e310 of 132 bytes failed: Only part of a ReadProcessMemory or WriteProcessMemory request was completed. (0x12B)
[1117/095436.418:ERROR:process_memory_win.cc(73)] ReadMemory at 0xa2e400 of 132 bytes failed: Only part of a ReadProcessMemory or WriteProcessMemory request was completed. (0x12B)
[1117/095436.418:ERROR:process_memory_win.cc(73)] ReadMemory at 0xa2e4f0 of 132 bytes failed: Only part of a ReadProcessMemory or WriteProcessMemory request was completed. (0x12B)
[1117/095436.418:ERROR:process_memory_win.cc(73)] ReadMemory at 0xa2e5e0 of 132 bytes failed: Only part of a ReadProcessMemory or WriteProcessMemory request was completed. (0x12B)
[1117/095436.489:ERROR:process_memory_win.cc(73)] ReadMemory at 0xa2e6d0 of 132 bytes failed: Only part of a ReadProcessMemory or WriteProcessMemory request was completed. (0x12B)
[1117/095436.552:ERROR:process_memory_win.cc(73)] ReadMemory at 0xa2e7c0 of 132 bytes failed: Only part of a ReadProcessMemory or WriteProcessMemory request was completed. (0x12B)
[1117/095436.552:ERROR:process_memory_win.cc(73)] ReadMemory at 0xa2e8b0 of 132 bytes failed: Only part of a ReadProcessMemory or WriteProcessMemory request was completed. (0x12B)
[1117/095436.552:ERROR:process_memory_win.cc(73)] ReadMemory at 0xa2e9a0 of 132 bytes failed: Only part of a ReadProcessMemory or WriteProcessMemory request was completed. (0x12B)
[1117/095436.552:ERROR:process_memory_win.cc(73)] ReadMemory at 0xa2ea90 of 132 bytes failed: Only part of a ReadProcessMemory or WriteProcessMemory request was completed. (0x12B)
[1117/095436.552:ERROR:process_memory_win.cc(73)] ReadMemory at 0xa2eb80 of 132 bytes failed: Only part of a ReadProcessMemory or WriteProcessMemory request was completed. (0x12B)
[1117/095436.552:ERROR:process_memory_win.cc(73)] ReadMemory at 0xa2ec70 of 132 bytes failed: Only part of a ReadProcessMemory or WriteProcessMemory request was completed. (0x12B)
[1117/095436.552:ERROR:process_memory_win.cc(73)] ReadMemory at 0xa2ed60 of 132 bytes failed: Only part of a ReadProcessMemory or WriteProcessMemory request was completed. (0x12B)
[1117/095436.552:ERROR:process_memory_win.cc(73)] ReadMemory at 0xa2ee50 of 132 bytes failed: Only part of a ReadProcessMemory or WriteProcessMemory request was completed. (0x12B)
[1117/095436.552:ERROR:process_memory_win.cc(73)] ReadMemory at 0xa2ef40 of 132 bytes failed: Only part of a ReadProcessMemory or WriteProcessMemory request was completed. (0x12B)
[1117/095436.552:ERROR:process_memory_win.cc(73)] ReadMemory at 0xa2f030 of 132 bytes failed: Only part of a ReadProcessMemory or WriteProcessMemory request was completed. (0x12B)
[1117/095436.675:ERROR:process_memory_win.cc(73)] ReadMemory at 0xa2f120 of 132 bytes failed: Only part of a ReadProcessMemory or WriteProcessMemory request was completed. (0x12B)
[1117/095436.739:ERROR:process_memory_win.cc(73)] ReadMemory at 0xa2f210 of 132 bytes failed: Only part of a ReadProcessMemory or WriteProcessMemory request was completed. (0x12B)
[1117/095436.824:ERROR:process_memory_win.cc(73)] ReadMemory at 0xa2f300 of 132 bytes failed: Only part of a ReadProcessMemory or WriteProcessMemory request was completed. (0x12B)
[1117/095436.824:ERROR:process_memory_win.cc(73)] ReadMemory at 0xa2f3f0 of 132 bytes failed: Only part of a ReadProcessMemory or WriteProcessMemory request was completed. (0x12B)
[1117/095436.824:ERROR:process_memory_win.cc(73)] ReadMemory at 0xa2f4e0 of 132 bytes failed: Only part of a ReadProcessMemory or WriteProcessMemory request was completed. (0x12B)
[1117/095436.824:ERROR:process_memory_win.cc(73)] ReadMemory at 0xa2f5d0 of 132 bytes failed: Only part of a ReadProcessMemory or WriteProcessMemory request was completed. (0x12B)
[1117/095436.824:ERROR:process_memory_win.cc(73)] ReadMemory at 0xa2f7b0 of 132 bytes failed: Only part of a ReadProcessMemory or WriteProcessMemory request was completed. (0x12B)
[1117/095436.824:ERROR:process_memory_win.cc(73)] ReadMemory at 0xa7d440 of 66 bytes failed: Only part of a ReadProcessMemory or WriteProcessMemory request was completed. (0x12B)
[1117/095436.824:ERROR:process_memory_win.cc(73)] ReadMemory at 0xa86e66 of 512 bytes failed: Only part of a ReadProcessMemory or WriteProcessMemory request was completed. (0x12B)
[1117/095436.824:ERROR:process_memory_win.cc(73)] ReadMemory at 0xa983a8 of 512 bytes failed: Only part of a ReadProcessMemory or WriteProcessMemory request was completed. (0x12B)
[1117/095436.874:ERROR:process_memory_win.cc(73)] ReadMemory at 0xaa1488 of 512 bytes failed: Only part of a ReadProcessMemory or WriteProcessMemory request was completed. (0x12B)
[1117/095436.874:ERROR:process_memory_win.cc(73)] ReadMemory at 0xaa1e60 of 512 bytes failed: Only part of a ReadProcessMemory or WriteProcessMemory request was completed. (0x12B)
[1117/095436.875:ERROR:process_memory_win.cc(73)] ReadMemory at 0xaac6d0 of 512 bytes failed: Only part of a ReadProcessMemory or WriteProcessMemory request was completed. (0x12B)
[1117/095436.875:ERROR:process_memory_win.cc(73)] ReadMemory at 0xaacb30 of 512 bytes failed: Only part of a ReadProcessMemory or WriteProcessMemory request was completed. (0x12B)
[1117/095436.875:ERROR:process_memory_win.cc(73)] ReadMemory at 0xab7810 of 712 bytes failed: Only part of a ReadProcessMemory or WriteProcessMemory request was completed. (0x12B)
[1117/095436.875:ERROR:process_memory_win.cc(73)] ReadMemory at 0xabf0e0 of 512 bytes failed: Only part of a ReadProcessMemory or WriteProcessMemory request was completed. (0x12B)
[1117/095436.875:ERROR:process_memory_win.cc(73)] ReadMemory at 0xabfbe0 of 512 bytes failed: Only part of a ReadProcessMemory or WriteProcessMemory request was completed. (0x12B)
[1117/095436.875:ERROR:process_memory_win.cc(73)] ReadMemory at 0xac9b50 of 512 bytes failed: Only part of a ReadProcessMemory or WriteProcessMemory request was completed. (0x12B)
[1117/095436.875:ERROR:process_memory_win.cc(73)] ReadMemory at 0x2810000 of 384 bytes failed: Only part of a ReadProcessMemory or WriteProcessMemory request was completed. (0x12B)
[1117/095436.933:ERROR:process_memory_win.cc(73)] ReadMemory at 0x28315e0 of 512 bytes failed: Only part of a ReadProcessMemory or WriteProcessMemory request was completed. (0x12B)
[1117/095436.933:ERROR:process_memory_win.cc(73)] ReadMemory at 0x2833170 of 512 bytes failed: Only part of a ReadProcessMemory or WriteProcessMemory request was completed. (0x12B)
[1117/095436.933:ERROR:process_memory_win.cc(73)] ReadMemory at 0x28553d0 of 512 bytes failed: Only part of a ReadProcessMemory or WriteProcessMemory request was completed. (0x12B)
[1117/095436.980:ERROR:process_memory_win.cc(73)] ReadMemory at 0x285836f of 512 bytes failed: Only part of a ReadProcessMemory or WriteProcessMemory request was completed. (0x12B)
[1117/095437.062:ERROR:process_memory_win.cc(73)] ReadMemory at 0x28593b6 of 524 bytes failed: Only part of a ReadProcessMemory or WriteProcessMemory request was completed. (0x12B)
[1117/095437.062:ERROR:process_memory_win.cc(73)] ReadMemory at 0x2887920 of 512 bytes failed: Only part of a ReadProcessMemory or WriteProcessMemory request was completed. (0x12B)
[1117/095437.121:ERROR:process_memory_win.cc(73)] ReadMemory at 0x28ef0b0 of 512 bytes failed: Only part of a ReadProcessMemory or WriteProcessMemory request was completed. (0x12B)
[1117/095437.121:ERROR:process_memory_win.cc(73)] ReadMemory at 0xab5b8b0 of 512 bytes failed: Only part of a ReadProcessMemory or WriteProcessMemory request was completed. (0x12B)
[1117/095437.121:ERROR:process_memory_win.cc(73)] ReadMemory at 0xcc4b990 of 512 bytes failed: Only part of a ReadProcessMemory or WriteProcessMemory request was completed. (0x12B)
[1117/095437.121:ERROR:process_memory_win.cc(73)] ReadMemory at 0xd0aedd0 of 512 bytes failed: Only part of a ReadProcessMemory or WriteProcessMemory request was completed. (0x12B)
[1117/095437.145:ERROR:process_memory_win.cc(73)] ReadMemory at 0xda05910 of 512 bytes failed: Only part of a ReadProcessMemory or WriteProcessMemory request was completed. (0x12B)
[1117/095437.145:ERROR:process_memory_win.cc(73)] ReadMemory at 0xdcfbff8 of 512 bytes failed: Only part of a ReadProcessMemory or WriteProcessMemory request was completed. (0x12B)
[1117/095437.145:ERROR:process_memory_win.cc(73)] ReadMemory at 0x7782f4e0 of 512 bytes failed: Only part of a ReadProcessMemory or WriteProcessMemory request was completed. (0x12B)
[1117/095437.145:ERROR:process_memory_win.cc(73)] ReadMemory at 0x7791a7d0 of 512 bytes failed: Only part of a ReadProcessMemory or WriteProcessMemory request was completed. (0x12B)
[1117/095437.145:ERROR:process_memory_win.cc(73)] ReadMemory at 0x77948e80 of 512 bytes failed: Only part of a ReadProcessMemory or WriteProcessMemory request was completed. (0x12B)
[1117/095437.145:ERROR:process_memory_win.cc(73)] ReadMemory at 0x77949a10 of 512 bytes failed: Only part of a ReadProcessMemory or WriteProcessMemory request was completed. (0x12B)
[1117/095437.145:ERROR:process_memory_win.cc(73)] ReadMemory at 0x7797fe7a of 592 bytes failed: Only part of a ReadProcessMemory or WriteProcessMemory request was completed. (0x12B)
[1117/095437.246:ERROR:process_memory_win.cc(73)] ReadMemory at 0x7798017a of 512 bytes failed: Only part of a ReadProcessMemory or WriteProcessMemory request was completed. (0x12B)
[1117/095437.246:ERROR:process_memory_win.cc(73)] ReadMemory at 0x779803ea of 512 bytes failed: Only part of a ReadProcessMemory or WriteProcessMemory request was completed. (0x12B)
[1117/095437.246:ERROR:process_memory_win.cc(73)] ReadMemory at 0x7798172a of 528 bytes failed: Only part of a ReadProcessMemory or WriteProcessMemory request was completed. (0x12B)
[1117/095437.303:ERROR:process_memory_win.cc(73)] ReadMemory at 0x77a341f0 of 1064 bytes failed: Only part of a ReadProcessMemory or WriteProcessMemory request was completed. (0x12B)
[1117/095437.304:ERROR:process_memory_win.cc(73)] ReadMemory at 0x77a47270 of 18 bytes failed: Only part of a ReadProcessMemory or WriteProcessMemory request was completed. (0x12B)
[1117/095437.304:ERROR:process_memory_win.cc(73)] ReadMemory at 0x77a63640 of 64 bytes failed: Only part of a ReadProcessMemory or WriteProcessMemory request was completed. (0x12B)
[1117/095437.304:ERROR:process_memory_win.cc(73)] ReadMemory at 0x77a68100 of 48 bytes failed: Only part of a ReadProcessMemory or WriteProcessMemory request was completed. (0x12B)
[1117/095437.414:ERROR:process_memory_win.cc(73)] ReadMemory at 0x77a68490 of 40 bytes failed: Only part of a ReadProcessMemory or WriteProcessMemory request was completed. (0x12B)
[1117/095437.414:ERROR:process_memory_win.cc(73)] ReadMemory at 0x3e600000000 of 384 bytes failed: Only part of a ReadProcessMemory or WriteProcessMemory request was completed. (0x12B)
[1117/095437.461:ERROR:process_memory_win.cc(73)] ReadMemory at 0x7fedd5e41a4 of 512 bytes failed: Only part of a ReadProcessMemory or WriteProcessMemory request was completed. (0x12B)
[1117/095437.461:ERROR:process_memory_win.cc(73)] ReadMemory at 0x7fedd9db26b of 512 bytes failed: Only part of a ReadProcessMemory or WriteProcessMemory request was completed. (0x12B)
[1117/095437.461:ERROR:process_memory_win.cc(73)] ReadMemory at 0x7fedde4d030 of 512 bytes failed: Only part of a ReadProcessMemory or WriteProcessMemory request was completed. (0x12B)
[1117/095437.563:ERROR:process_memory_win.cc(73)] ReadMemory at 0x7fede0444a5 of 512 bytes failed: Only part of a ReadProcessMemory or WriteProcessMemory request was completed. (0x12B)
[1117/095437.563:ERROR:process_memory_win.cc(73)] ReadMemory at 0x7feed139b10 of 512 bytes failed: Only part of a ReadProcessMemory or WriteProcessMemory request was completed. (0x12B)
[1117/095437.599:ERROR:process_memory_win.cc(73)] ReadMemory at 0x7fefdaba9fd of 512 bytes failed: Only part of a ReadProcessMemory or WriteProcessMemory request was completed. (0x12B)
[1117/095437.599:ERROR:process_memory_win.cc(73)] ReadMemory at 0x7fffff9c000 of 6024 bytes failed: Only part of a ReadProcessMemory or WriteProcessMemory request was completed. (0x12B)
[1117/095437.599:ERROR:process_memory_win.cc(73)] ReadMemory at 0x7fffff9e000 of 6024 bytes failed: Only part of a ReadProcessMemory or WriteProcessMemory request was completed. (0x12B)
[1117/095437.650:ERROR:process_memory_win.cc(73)] ReadMemory at 0x7fffffa0000 of 6024 bytes failed: Only part of a ReadProcessMemory or WriteProcessMemory request was completed. (0x12B)
[1117/095437.651:ERROR:process_memory_win.cc(73)] ReadMemory at 0x7fffffa2000 of 6024 bytes failed: Only part of a ReadProcessMemory or WriteProcessMemory request was completed. (0x12B)
[1117/095437.651:ERROR:process_memory_win.cc(73)] ReadMemory at 0x7fffffa4000 of 6024 bytes failed: Only part of a ReadProcessMemory or WriteProcessMemory request was completed. (0x12B)
[1117/095437.651:ERROR:process_memory_win.cc(73)] ReadMemory at 0x7fffffa6000 of 6024 bytes failed: Only part of a ReadProcessMemory or WriteProcessMemory request was completed. (0x12B)
[1117/095437.651:ERROR:process_memory_win.cc(73)] ReadMemory at 0x7fffffa8000 of 6024 bytes failed: Only part of a ReadProcessMemory or WriteProcessMemory request was completed. (0x12B)
[1117/095437.651:ERROR:process_memory_win.cc(73)] ReadMemory at 0x7fffffaa000 of 6024 bytes failed: Only part of a ReadProcessMemory or WriteProcessMemory request was completed. (0x12B)
[1117/095437.651:ERROR:process_memory_win.cc(73)] ReadMemory at 0x7fffffac000 of 6024 bytes failed: Only part of a ReadProcessMemory or WriteProcessMemory request was completed. (0x12B)
[1117/095437.651:ERROR:process_memory_win.cc(73)] ReadMemory at 0x7fffffae000 of 6024 bytes failed: Only part of a ReadProcessMemory or WriteProcessMemory request was completed. (0x12B)
[1117/095437.651:ERROR:process_memory_win.cc(73)] ReadMemory at 0x7fffffd3000 of 6024 bytes failed: Only part of a ReadProcessMemory or WriteProcessMemory request was completed. (0x12B)
[1117/095437.651:ERROR:process_memory_win.cc(73)] ReadMemory at 0x7fffffd5000 of 6024 bytes failed: Only part of a ReadProcessMemory or WriteProcessMemory request was completed. (0x12B)
[1117/095437.651:ERROR:process_memory_win.cc(73)] ReadMemory at 0x7fffffd7000 of 6024 bytes failed: Only part of a ReadProcessMemory or WriteProcessMemory request was completed. (0x12B)
[1117/095437.652:ERROR:process_memory_win.cc(73)] ReadMemory at 0x7fffffd9000 of 852 bytes failed: Only part of a ReadProcessMemory or WriteProcessMemory request was completed. (0x12B)
[1117/095437.652:ERROR:process_memory_win.cc(73)] ReadMemory at 0x7fffffda000 of 6024 bytes failed: Only part of a ReadProcessMemory or WriteProcessMemory request was completed. (0x12B)
[1117/095437.652:ERROR:process_memory_win.cc(73)] ReadMemory at 0x7fffffdc000 of 6024 bytes failed: Only part of a ReadProcessMemory or WriteProcessMemory request was completed. (0x12B)
[1117/095437.652:ERROR:process_memory_win.cc(73)] ReadMemory at 0x7fffffde000 of 6024 bytes failed: Only part of a ReadProcessMemory or WriteProcessMemory request was completed. (0x12B)
[1117/095437.653:ERROR:scoped_process_suspend.cc(40)] NtResumeProcess: An attempt was made to access an exiting process. (0xc000010a)
[1117/095437.969:ERROR:scoped_process_suspend.cc(31)] NtSuspendProcess: An attempt was made to access an exiting process. (0xc000010a)
[1117/095437.969:ERROR:process_info.cc(118)] ReadProcessMemory bool __cdecl crashpad::(anonymous namespace)::ReadStruct(HANDLE, crashpad::WinVMAddress, T *) [T = crashpad::process_types::PEB<crashpad::process_types::internal::Traits64>]: Only part of a ReadProcessMemory or WriteProcessMemory request was completed. (0x12B)
[1117/095437.969:ERROR:process_info.cc(551)] ReadProcessData failed
[1117/210936.366:ERROR:file_io.cc(135)] WriteFile: The pipe is being closed. (0xE8)
[1118/102454.950:ERROR:directory_reader_win.cc(43)] FindFirstFile: The system cannot find the path specified. (0x3)
